<?xml version="1.0" encoding="UTF-8"?>
<!-- Generated by org.testng.reporters.JUnitXMLReporter -->
<testsuite ignored="0" hostname="DESKTOP-9RJ5S8R" failures="0" tests="4" name="Default test" time="316.081" errors="0" timestamp="2024-03-14T22:50:52 IST">
  <testcase classname="test.SwagLabLoginTest" name="loginWithLockedOutUser" time="6.642"/>
  <testcase classname="test.SwagLabLoginTest" name="loginWithPerformanceGlitchUser" time="17.772"/>
  <testcase classname="test.SwagLabLoginTest" name="loginWithProblemUser" time="1.455"/>
  <testcase classname="test.SwagLabLoginTest" name="loginWithValidCredentials" time="0.922"/>
</testsuite> <!-- Default test -->
