<?xml version="1.0" encoding="UTF-8"?>
<testng-results ignored="0" total="4" passed="4" failed="0" skipped="0">
  <reporter-output>
  </reporter-output>
  <suite started-at="2024-03-14T22:45:35 IST" name="Default suite" finished-at="2024-03-14T22:50:51 IST" duration-ms="316081">
    <groups>
    </groups>
    <test started-at="2024-03-14T22:45:35 IST" name="Default test" finished-at="2024-03-14T22:50:51 IST" duration-ms="316081">
      <class name="test.SwagLabLoginTest">
        <test-method is-config="true" signature="configureReports()[pri:0, instance:test.SwagLabLoginTest@56c698e3]" started-at="2024-03-14T22:45:36 IST" name="configureReports" finished-at="2024-03-14T22:45:46 IST" duration-ms="10700" status="PASS">
          <reporter-output>
          </reporter-output>
        </test-method> <!-- configureReports -->
        <test-method is-config="true" signature="OpenBrowser()[pri:0, instance:test.SwagLabLoginTest@56c698e3]" started-at="2024-03-14T22:45:48 IST" name="OpenBrowser" finished-at="2024-03-14T22:47:39 IST" duration-ms="110968" status="PASS">
          <reporter-output>
          </reporter-output>
        </test-method> <!-- OpenBrowser -->
        <test-method signature="loginWithLockedOutUser()[pri:0, instance:test.SwagLabLoginTest@56c698e3]" started-at="2024-03-14T22:47:39 IST" name="loginWithLockedOutUser" finished-at="2024-03-14T22:47:45 IST" duration-ms="6642" status="PASS">
          <reporter-output>
          </reporter-output>
        </test-method> <!-- loginWithLockedOutUser -->
        <test-method is-config="true" signature="closeBrowser(org.testng.ITestResult)[pri:0, instance:test.SwagLabLoginTest@56c698e3]" started-at="2024-03-14T22:47:45 IST" name="closeBrowser" finished-at="2024-03-14T22:47:45 IST" duration-ms="25" status="PASS">
          <params>
            <param index="0">
              <value>
                <![CDATA[[TestResult name=loginWithLockedOutUser status=SUCCESS method=SwagLabLoginTest.loginWithLockedOutUser()[pri:0, instance:test.SwagLabLoginTest@56c698e3] output={null}]]]>
              </value>
            </param>
          </params>
          <reporter-output>
          </reporter-output>
        </test-method> <!-- closeBrowser -->
        <test-method is-config="true" signature="OpenBrowser()[pri:0, instance:test.SwagLabLoginTest@56c698e3]" started-at="2024-03-14T22:47:45 IST" name="OpenBrowser" finished-at="2024-03-14T22:48:43 IST" duration-ms="57734" status="PASS">
          <reporter-output>
          </reporter-output>
        </test-method> <!-- OpenBrowser -->
        <test-method signature="loginWithPerformanceGlitchUser()[pri:0, instance:test.SwagLabLoginTest@56c698e3]" started-at="2024-03-14T22:48:43 IST" name="loginWithPerformanceGlitchUser" finished-at="2024-03-14T22:49:01 IST" duration-ms="17772" status="PASS">
          <reporter-output>
          </reporter-output>
        </test-method> <!-- loginWithPerformanceGlitchUser -->
        <test-method is-config="true" signature="closeBrowser(org.testng.ITestResult)[pri:0, instance:test.SwagLabLoginTest@56c698e3]" started-at="2024-03-14T22:49:01 IST" name="closeBrowser" finished-at="2024-03-14T22:49:01 IST" duration-ms="7" status="PASS">
          <params>
            <param index="0">
              <value>
                <![CDATA[[TestResult name=loginWithPerformanceGlitchUser status=SUCCESS method=SwagLabLoginTest.loginWithPerformanceGlitchUser()[pri:0, instance:test.SwagLabLoginTest@56c698e3] output={null}]]]>
              </value>
            </param>
          </params>
          <reporter-output>
          </reporter-output>
        </test-method> <!-- closeBrowser -->
        <test-method is-config="true" signature="OpenBrowser()[pri:0, instance:test.SwagLabLoginTest@56c698e3]" started-at="2024-03-14T22:49:01 IST" name="OpenBrowser" finished-at="2024-03-14T22:49:50 IST" duration-ms="48720" status="PASS">
          <reporter-output>
          </reporter-output>
        </test-method> <!-- OpenBrowser -->
        <test-method signature="loginWithProblemUser()[pri:0, instance:test.SwagLabLoginTest@56c698e3]" started-at="2024-03-14T22:49:50 IST" name="loginWithProblemUser" finished-at="2024-03-14T22:49:51 IST" duration-ms="1455" status="PASS">
          <reporter-output>
          </reporter-output>
        </test-method> <!-- loginWithProblemUser -->
        <test-method is-config="true" signature="closeBrowser(org.testng.ITestResult)[pri:0, instance:test.SwagLabLoginTest@56c698e3]" started-at="2024-03-14T22:49:51 IST" name="closeBrowser" finished-at="2024-03-14T22:49:51 IST" duration-ms="1" status="PASS">
          <params>
            <param index="0">
              <value>
                <![CDATA[[TestResult name=loginWithProblemUser status=SUCCESS method=SwagLabLoginTest.loginWithProblemUser()[pri:0, instance:test.SwagLabLoginTest@56c698e3] output={null}]]]>
              </value>
            </param>
          </params>
          <reporter-output>
          </reporter-output>
        </test-method> <!-- closeBrowser -->
        <test-method is-config="true" signature="OpenBrowser()[pri:0, instance:test.SwagLabLoginTest@56c698e3]" started-at="2024-03-14T22:49:51 IST" name="OpenBrowser" finished-at="2024-03-14T22:50:43 IST" duration-ms="52307" status="PASS">
          <reporter-output>
          </reporter-output>
        </test-method> <!-- OpenBrowser -->
        <test-method signature="loginWithValidCredentials()[pri:0, instance:test.SwagLabLoginTest@56c698e3]" started-at="2024-03-14T22:50:43 IST" name="loginWithValidCredentials" finished-at="2024-03-14T22:50:44 IST" duration-ms="922" status="PASS">
          <reporter-output>
          </reporter-output>
        </test-method> <!-- loginWithValidCredentials -->
        <test-method is-config="true" signature="closeBrowser(org.testng.ITestResult)[pri:0, instance:test.SwagLabLoginTest@56c698e3]" started-at="2024-03-14T22:50:44 IST" name="closeBrowser" finished-at="2024-03-14T22:50:44 IST" duration-ms="4" status="PASS">
          <params>
            <param index="0">
              <value>
                <![CDATA[[TestResult name=loginWithValidCredentials status=SUCCESS method=SwagLabLoginTest.loginWithValidCredentials()[pri:0, instance:test.SwagLabLoginTest@56c698e3] output={null}]]]>
              </value>
            </param>
          </params>
          <reporter-output>
          </reporter-output>
        </test-method> <!-- closeBrowser -->
        <test-method is-config="true" signature="publishReports()[pri:0, instance:test.SwagLabLoginTest@56c698e3]" started-at="2024-03-14T22:50:44 IST" name="publishReports" finished-at="2024-03-14T22:50:51 IST" duration-ms="7277" status="PASS">
          <reporter-output>
          </reporter-output>
        </test-method> <!-- publishReports -->
      </class> <!-- test.SwagLabLoginTest -->
    </test> <!-- Default test -->
  </suite> <!-- Default suite -->
</testng-results>
